<?xml version="1.0" encoding="UTF-8"?>
<!-- Generated by org.testng.reporters.JUnitXMLReporter -->
<testsuite hostname="KSAKINAL-L-505" name="Default test" tests="1" failures="0" timestamp="22 Mar 2017 12:03:10 GMT" time="0.03" errors="0">
  <testcase name="@BeforeSuite setUp" time="0.0" classname="testcases.UserRegistrationForm">
    <failure type="org.testng.TestNGException" message="
Parameter &amp;apos;browser&amp;apos; is required by @Configuration on method setUp but has not been marked @Optional or defined
in C:\Users\ksakinala.EVOKE\AppData\Local\Temp\testng-eclipse-904464896\testng-customsuite.xml">
      <![CDATA[org.testng.TestNGException: 
Parameter 'browser' is required by @Configuration on method setUp but has not been marked @Optional or defined
in C:\Users\ksakinala.EVOKE\AppData\Local\Temp\testng-eclipse-904464896\testng-customsuite.xml
	at org.testng.internal.Parameters.createParameters(Parameters.java:154)
	at org.testng.internal.Parameters.createParameters(Parameters.java:361)
	at org.testng.internal.Parameters.createConfigurationParameters(Parameters.java:84)
	at org.testng.internal.Invoker.invokeConfigurations(Invoker.java:197)
	at org.testng.internal.Invoker.invokeConfigurations(Invoker.java:138)
	at org.testng.SuiteRunner.privateRun(SuiteRunner.java:298)
	at org.testng.SuiteRunner.run(SuiteRunner.java:261)
	at org.testng.SuiteRunnerWorker.runSuite(SuiteRunnerWorker.java:52)
	at org.testng.SuiteRunnerWorker.run(SuiteRunnerWorker.java:86)
	at org.testng.TestNG.runSuitesSequentially(TestNG.java:1215)
	at org.testng.TestNG.runSuitesLocally(TestNG.java:1140)
	at org.testng.TestNG.run(TestNG.java:1048)
	at org.testng.remote.AbstractRemoteTestNG.run(AbstractRemoteTestNG.java:126)
	at org.testng.remote.RemoteTestNG.initAndRun(RemoteTestNG.java:137)
	at org.testng.remote.RemoteTestNG.main(RemoteTestNG.java:58)
]]>
    </failure>
  </testcase> <!-- @BeforeSuite setUp -->
  <testcase name="@AfterMethod generateReport" time="0.0" classname="testcases.UserRegistrationForm">
    <skipped/>
  </testcase> <!-- @AfterMethod generateReport -->
  <testcase name="verifyRegisteredUserInWebTable" time="0.008" classname="testcases.UserRegistrationForm">
    <skipped/>
  </testcase> <!-- verifyRegisteredUserInWebTable -->
</testsuite> <!-- Default test -->
